# JRE version: Java(TM) SE Runtime Environment (17.0.9+11) (build 17.0.9+11-LTS-201)
# Java VM: Java HotSpot(TM) 64-Bit Server VM (17.0.9+11-LTS-201, mixed mode, sharing, tiered, compressed oops, compressed class ptrs, g1 gc, windows-amd64)
GC Precious Log:
 CPUs: 4 total, 4 available
 Memory: 4000M
 Large Page Support: Disabled
 NUMA Support: Disabled
 Compressed Oops: Enabled (32-bit)
 Heap Region Size: 1M
 Heap Min Capacity: 8M
 Heap Initial Capacity: 64M
 Heap Max Capacity: 1002M
 Pre-touch: Disabled
 Parallel Workers: 4
 Concurrent Workers: 1
 Concurrent Refinement Workers: 4
 Periodic GC: Disabled
Heap:
 garbage-first heap   total 72704K, used 32351K [0x00000000c1600000, 0x0000000100000000)
  region size 1024K, 8 young (8192K), 2 survivors (2048K)
 Metaspace       used 68050K, committed 68608K, reserved 1114112K
  class space    used 9120K, committed 9408K, reserved 1048576K
GC Heap History (20 events):
Event: 56.703 GC heap before
{Heap before GC invocations=26 (full 1):
 garbage-first heap   total 55296K, used 39450K [0x00000000c1600000, 0x0000000100000000)
  region size 1024K, 13 young (13312K), 1 survivors (1024K)
 Metaspace       used 64520K, committed 65088K, reserved 1114112K
  class space    used 8769K, committed 9024K, reserved 1048576K
}
Event: 56.710 GC heap after
{Heap after GC invocations=27 (full 1):
 garbage-first heap   total 55296K, used 28379K [0x00000000c1600000, 0x0000000100000000)
  region size 1024K, 2 young (2048K), 2 survivors (2048K)
 Metaspace       used 64520K, committed 65088K, reserved 1114112K
  class space    used 8769K, committed 9024K, reserved 1048576K
}
Event: 57.308 GC heap before
{Heap before GC invocations=27 (full 1):
 garbage-first heap   total 55296K, used 41691K [0x00000000c1600000, 0x0000000100000000)
  region size 1024K, 16 young (16384K), 2 survivors (2048K)
 Metaspace       used 66140K, committed 66688K, reserved 1114112K
  class space    used 8950K, committed 9216K, reserved 1048576K
}
Event: 57.319 GC heap after
{Heap after GC invocations=28 (full 1):
 garbage-first heap   total 55296K, used 29709K [0x00000000c1600000, 0x0000000100000000)
  region size 1024K, 2 young (2048K), 2 survivors (2048K)
 Metaspace       used 66140K, committed 66688K, reserved 1114112K
  class space    used 8950K, committed 9216K, reserved 1048576K
}
Event: 57.880 GC heap before
{Heap before GC invocations=29 (full 1):
 garbage-first heap   total 60416K, used 41997K [0x00000000c1600000, 0x0000000100000000)
  region size 1024K, 14 young (14336K), 2 survivors (2048K)
 Metaspace       used 66665K, committed 67200K, reserved 1114112K
  class space    used 9043K, committed 9280K, reserved 1048576K
}
Event: 57.889 GC heap after
{Heap after GC invocations=30 (full 1):
 garbage-first heap   total 60416K, used 30461K [0x00000000c1600000, 0x0000000100000000)
  region size 1024K, 1 young (1024K), 1 survivors (1024K)
 Metaspace       used 66665K, committed 67200K, reserved 1114112K
  class space    used 9043K, committed 9280K, reserved 1048576K
}
Event: 133.608 GC heap before
{Heap before GC invocations=30 (full 1):
 garbage-first heap   total 60416K, used 33533K [0x00000000c1600000, 0x0000000100000000)
  region size 1024K, 5 young (5120K), 1 survivors (1024K)
 Metaspace       used 66735K, committed 67264K, reserved 1114112K
  class space    used 9045K, committed 9280K, reserved 1048576K
}
Event: 134.374 GC heap after
{Heap after GC invocations=31 (full 2):
 garbage-first heap   total 60416K, used 24815K [0x00000000c1600000, 0x0000000100000000)
  region size 1024K, 0 young (0K), 0 survivors (0K)
 Metaspace       used 66732K, committed 67264K, reserved 1114112K
  class space    used 9044K, committed 9280K, reserved 1048576K
}
Event: 135.769 GC heap before
{Heap before GC invocations=31 (full 2):
 garbage-first heap   total 60416K, used 47343K [0x00000000c1600000, 0x0000000100000000)
  region size 1024K, 22 young (22528K), 0 survivors (0K)
 Metaspace       used 66870K, committed 67392K, reserved 1114112K
  class space    used 9050K, committed 9280K, reserved 1048576K
}
Event: 135.782 GC heap after
{Heap after GC invocations=32 (full 2):
 garbage-first heap   total 60416K, used 26819K [0x00000000c1600000, 0x0000000100000000)
  region size 1024K, 2 young (2048K), 2 survivors (2048K)
 Metaspace       used 66870K, committed 67392K, reserved 1114112K
  class space    used 9050K, committed 9280K, reserved 1048576K
}
Event: 136.707 GC heap before
{Heap before GC invocations=32 (full 2):
 garbage-first heap   total 60416K, used 47299K [0x00000000c1600000, 0x0000000100000000)
  region size 1024K, 22 young (22528K), 2 survivors (2048K)
 Metaspace       used 67036K, committed 67648K, reserved 1114112K
  class space    used 9053K, committed 9344K, reserved 1048576K
}
Event: 136.718 GC heap after
{Heap after GC invocations=33 (full 2):
 garbage-first heap   total 60416K, used 28323K [0x00000000c1600000, 0x0000000100000000)
  region size 1024K, 2 young (2048K), 2 survivors (2048K)
 Metaspace       used 67036K, committed 67648K, reserved 1114112K
  class space    used 9053K, committed 9344K, reserved 1048576K
}
Event: 138.759 GC heap before
{Heap before GC invocations=33 (full 2):
 garbage-first heap   total 60416K, used 46755K [0x00000000c1600000, 0x0000000100000000)
  region size 1024K, 20 young (20480K), 2 survivors (2048K)
 Metaspace       used 67326K, committed 67904K, reserved 1114112K
  class space    used 9069K, committed 9344K, reserved 1048576K
}
Event: 138.774 GC heap after
{Heap after GC invocations=34 (full 2):
 garbage-first heap   total 72704K, used 29995K [0x00000000c1600000, 0x0000000100000000)
  region size 1024K, 2 young (2048K), 2 survivors (2048K)
 Metaspace       used 67326K, committed 67904K, reserved 1114112K
  class space    used 9069K, committed 9344K, reserved 1048576K
}
Event: 214.680 GC heap before
{Heap before GC invocations=35 (full 2):
 garbage-first heap   total 72704K, used 42283K [0x00000000c1600000, 0x0000000100000000)
  region size 1024K, 15 young (15360K), 2 survivors (2048K)
 Metaspace       used 67412K, committed 67968K, reserved 1114112K
  class space    used 9071K, committed 9344K, reserved 1048576K
}
Event: 215.606 GC heap after
{Heap after GC invocations=36 (full 3):
 garbage-first heap   total 72704K, used 25035K [0x00000000c1600000, 0x0000000100000000)
  region size 1024K, 0 young (0K), 0 survivors (0K)
 Metaspace       used 67409K, committed 67968K, reserved 1114112K
  class space    used 9070K, committed 9344K, reserved 1048576K
}
Event: 220.557 GC heap before
{Heap before GC invocations=36 (full 3):
 garbage-first heap   total 72704K, used 53707K [0x00000000c1600000, 0x0000000100000000)
  region size 1024K, 28 young (28672K), 0 survivors (0K)
 Metaspace       used 67523K, committed 68096K, reserved 1114112K
  class space    used 9077K, committed 9344K, reserved 1048576K
}
Event: 220.568 GC heap after
{Heap after GC invocations=37 (full 3):
 garbage-first heap   total 72704K, used 27810K [0x00000000c1600000, 0x0000000100000000)
  region size 1024K, 3 young (3072K), 3 survivors (3072K)
 Metaspace       used 67523K, committed 68096K, reserved 1114112K
  class space    used 9077K, committed 9344K, reserved 1048576K
}
Event: 240.376 GC heap before
{Heap before GC invocations=37 (full 3):
 garbage-first heap   total 72704K, used 54434K [0x00000000c1600000, 0x0000000100000000)
  region size 1024K, 29 young (29696K), 3 survivors (3072K)
 Metaspace       used 68046K, committed 68608K, reserved 1114112K
  class space    used 9119K, committed 9408K, reserved 1048576K
}
Event: 240.383 GC heap after
{Heap after GC invocations=38 (full 3):
 garbage-first heap   total 72704K, used 27231K [0x00000000c1600000, 0x0000000100000000)
  region size 1024K, 2 young (2048K), 2 survivors (2048K)
 Metaspace       used 68046K, committed 68608K, reserved 1114112K
  class space    used 9119K, committed 9408K, reserved 1048576K
}

